{"/root/efizion-factory/efizion-factory-api/src/index.ts": {"path":"/root/efizion-factory/efizion-factory-api/src/index.ts","statementMap":{"0":{"start":{"line":2,"column":0},"end":{"line":2,"column":30}},"1":{"start":{"line":3,"column":0},"end":{"line":3,"column":46}},"2":{"start":{"line":4,"column":0},"end":{"line":4,"column":38}},"3":{"start":{"line":5,"column":0},"end":{"line":5,"column":46}},"4":{"start":{"line":6,"column":0},"end":{"line":6,"column":51}},"5":{"start":{"line":7,"column":0},"end":{"line":7,"column":53}},"6":{"start":{"line":8,"column":0},"end":{"line":8,"column":28}},"7":{"start":{"line":10,"column":0},"end":{"line":10,"column":16}},"8":{"start":{"line":12,"column":15},"end":{"line":12,"column":33}},"9":{"start":{"line":13,"column":16},"end":{"line":13,"column":41}},"10":{"start":{"line":15,"column":0},"end":{"line":15,"column":23}},"11":{"start":{"line":17,"column":16},"end":{"line":17,"column":56}},"12":{"start":{"line":20,"column":0},"end":{"line":28,"column":3}},"13":{"start":{"line":30,"column":0},"end":{"line":38,"column":3}},"14":{"start":{"line":37,"column":34},"end":{"line":37,"column":40}},"15":{"start":{"line":41,"column":0},"end":{"line":41,"column":37}},"16":{"start":{"line":46,"column":17},"end":{"line":46,"column":45}},"17":{"start":{"line":47,"column":2},"end":{"line":50,"column":3}},"18":{"start":{"line":48,"column":4},"end":{"line":48,"column":68}},"19":{"start":{"line":49,"column":4},"end":{"line":49,"column":11}},"20":{"start":{"line":51,"column":2},"end":{"line":51,"column":9}},"21":{"start":{"line":62,"column":0},"end":{"line":73,"column":3}},"22":{"start":{"line":63,"column":33},"end":{"line":63,"column":87}},"23":{"start":{"line":65,"column":15},"end":{"line":71,"column":4}},"24":{"start":{"line":72,"column":2},"end":{"line":72,"column":29}},"25":{"start":{"line":76,"column":0},"end":{"line":79,"column":3}},"26":{"start":{"line":77,"column":16},"end":{"line":77,"column":44}},"27":{"start":{"line":78,"column":2},"end":{"line":78,"column":20}},"28":{"start":{"line":82,"column":0},"end":{"line":92,"column":3}},"29":{"start":{"line":83,"column":17},"end":{"line":83,"column":49}},"30":{"start":{"line":84,"column":15},"end":{"line":86,"column":4}},"31":{"start":{"line":87,"column":2},"end":{"line":91,"column":3}},"32":{"start":{"line":88,"column":4},"end":{"line":88,"column":21}},"33":{"start":{"line":90,"column":4},"end":{"line":90,"column":56}},"34":{"start":{"line":95,"column":0},"end":{"line":133,"column":3}},"35":{"start":{"line":96,"column":17},"end":{"line":96,"column":49}},"36":{"start":{"line":97,"column":15},"end":{"line":99,"column":4}},"37":{"start":{"line":100,"column":2},"end":{"line":102,"column":3}},"38":{"start":{"line":101,"column":4},"end":{"line":101,"column":63}},"39":{"start":{"line":105,"column":21},"end":{"line":105,"column":46}},"40":{"start":{"line":106,"column":20},"end":{"line":106,"column":68}},"41":{"start":{"line":107,"column":21},"end":{"line":107,"column":86}},"42":{"start":{"line":109,"column":17},"end":{"line":112,"column":4}},"43":{"start":{"line":115,"column":2},"end":{"line":115,"column":96}},"44":{"start":{"line":117,"column":15},"end":{"line":117,"column":17}},"45":{"start":{"line":118,"column":2},"end":{"line":118,"column":69}},"46":{"start":{"line":118,"column":39},"end":{"line":118,"column":65}},"47":{"start":{"line":119,"column":2},"end":{"line":119,"column":69}},"48":{"start":{"line":119,"column":39},"end":{"line":119,"column":65}},"49":{"start":{"line":121,"column":2},"end":{"line":130,"column":5}},"50":{"start":{"line":122,"column":4},"end":{"line":128,"column":7}},"51":{"start":{"line":129,"column":4},"end":{"line":129,"column":70}},"52":{"start":{"line":132,"column":2},"end":{"line":132,"column":75}},"53":{"start":{"line":136,"column":14},"end":{"line":144,"column":1}},"54":{"start":{"line":137,"column":2},"end":{"line":143,"column":3}},"55":{"start":{"line":138,"column":4},"end":{"line":138,"column":58}},"56":{"start":{"line":139,"column":4},"end":{"line":139,"column":22}},"57":{"start":{"line":141,"column":4},"end":{"line":141,"column":27}},"58":{"start":{"line":142,"column":4},"end":{"line":142,"column":20}},"59":{"start":{"line":146,"column":0},"end":{"line":146,"column":8}}},"fnMap":{"0":{"name":"(anonymous_1)","decl":{"start":{"line":37,"column":22},"end":{"line":37,"column":23}},"loc":{"start":{"line":37,"column":34},"end":{"line":37,"column":40}}},"1":{"name":"verifyApiKey","decl":{"start":{"line":45,"column":9},"end":{"line":45,"column":21}},"loc":{"start":{"line":45,"column":64},"end":{"line":52,"column":1}}},"2":{"name":"(anonymous_3)","decl":{"start":{"line":62,"column":53},"end":{"line":62,"column":58}},"loc":{"start":{"line":62,"column":78},"end":{"line":73,"column":1}}},"3":{"name":"(anonymous_4)","decl":{"start":{"line":76,"column":52},"end":{"line":76,"column":57}},"loc":{"start":{"line":76,"column":77},"end":{"line":79,"column":1}}},"4":{"name":"(anonymous_5)","decl":{"start":{"line":82,"column":56},"end":{"line":82,"column":61}},"loc":{"start":{"line":82,"column":81},"end":{"line":92,"column":1}}},"5":{"name":"(anonymous_6)","decl":{"start":{"line":95,"column":61},"end":{"line":95,"column":66}},"loc":{"start":{"line":95,"column":86},"end":{"line":133,"column":1}}},"6":{"name":"(anonymous_7)","decl":{"start":{"line":118,"column":27},"end":{"line":118,"column":28}},"loc":{"start":{"line":118,"column":36},"end":{"line":118,"column":67}}},"7":{"name":"(anonymous_8)","decl":{"start":{"line":119,"column":27},"end":{"line":119,"column":28}},"loc":{"start":{"line":119,"column":36},"end":{"line":119,"column":67}}},"8":{"name":"(anonymous_9)","decl":{"start":{"line":121,"column":21},"end":{"line":121,"column":26}},"loc":{"start":{"line":121,"column":36},"end":{"line":130,"column":3}}},"9":{"name":"(anonymous_10)","decl":{"start":{"line":136,"column":14},"end":{"line":136,"column":19}},"loc":{"start":{"line":136,"column":25},"end":{"line":144,"column":1}}}},"branchMap":{"0":{"loc":{"start":{"line":17,"column":16},"end":{"line":17,"column":56}},"type":"binary-expr","locations":[{"start":{"line":17,"column":16},"end":{"line":17,"column":35}},{"start":{"line":17,"column":39},"end":{"line":17,"column":56}}]},"1":{"loc":{"start":{"line":47,"column":2},"end":{"line":50,"column":3}},"type":"if","locations":[{"start":{"line":47,"column":2},"end":{"line":50,"column":3}}]},"2":{"loc":{"start":{"line":47,"column":6},"end":{"line":47,"column":35}},"type":"binary-expr","locations":[{"start":{"line":47,"column":6},"end":{"line":47,"column":13}},{"start":{"line":47,"column":17},"end":{"line":47,"column":35}}]},"3":{"loc":{"start":{"line":87,"column":2},"end":{"line":91,"column":3}},"type":"if","locations":[{"start":{"line":87,"column":2},"end":{"line":91,"column":3}},{"start":{"line":89,"column":9},"end":{"line":91,"column":3}}]},"4":{"loc":{"start":{"line":100,"column":2},"end":{"line":102,"column":3}},"type":"if","locations":[{"start":{"line":100,"column":2},"end":{"line":102,"column":3}}]},"5":{"loc":{"start":{"line":106,"column":20},"end":{"line":106,"column":68}},"type":"cond-expr","locations":[{"start":{"line":106,"column":51},"end":{"line":106,"column":60}},{"start":{"line":106,"column":63},"end":{"line":106,"column":68}}]},"6":{"loc":{"start":{"line":115,"column":72},"end":{"line":115,"column":90}},"type":"binary-expr","locations":[{"start":{"line":115,"column":72},"end":{"line":115,"column":82}},{"start":{"line":115,"column":86},"end":{"line":115,"column":90}}]},"7":{"loc":{"start":{"line":125,"column":16},"end":{"line":125,"column":45}},"type":"cond-expr","locations":[{"start":{"line":125,"column":29},"end":{"line":125,"column":35}},{"start":{"line":125,"column":38},"end":{"line":125,"column":45}}]}},"s":{"0":2,"1":2,"2":2,"3":2,"4":2,"5":2,"6":2,"7":2,"8":2,"9":2,"10":2,"11":2,"12":2,"13":2,"14":0,"15":2,"16":7,"17":7,"18":1,"19":1,"20":6,"21":2,"22":3,"23":3,"24":3,"25":2,"26":2,"27":2,"28":2,"29":1,"30":1,"31":1,"32":1,"33":0,"34":2,"35":0,"36":0,"37":0,"38":0,"39":0,"40":0,"41":0,"42":0,"43":0,"44":0,"45":0,"46":0,"47":0,"48":0,"49":0,"50":0,"51":0,"52":0,"53":2,"54":2,"55":2,"56":2,"57":0,"58":0,"59":2},"f":{"0":0,"1":7,"2":3,"3":2,"4":1,"5":0,"6":0,"7":0,"8":0,"9":2},"b":{"0":[2,0],"1":[1],"2":[7,6],"3":[1,0],"4":[0],"5":[0,0],"6":[0,0],"7":[0,0]}}
}
