TN:
SF:src/index.ts
FN:37,(anonymous_1)
FN:45,verifyApiKey
FN:62,(anonymous_3)
FN:76,(anonymous_4)
FN:82,(anonymous_5)
FN:95,(anonymous_6)
FN:118,(anonymous_7)
FN:119,(anonymous_8)
FN:121,(anonymous_9)
FN:136,(anonymous_10)
FNF:10
FNH:5
FNDA:0,(anonymous_1)
FNDA:7,verifyApiKey
FNDA:3,(anonymous_3)
FNDA:2,(anonymous_4)
FNDA:1,(anonymous_5)
FNDA:0,(anonymous_6)
FNDA:0,(anonymous_7)
FNDA:0,(anonymous_8)
FNDA:0,(anonymous_9)
FNDA:2,(anonymous_10)
DA:2,2
DA:3,2
DA:4,2
DA:5,2
DA:6,2
DA:7,2
DA:8,2
DA:10,2
DA:12,2
DA:13,2
DA:15,2
DA:17,2
DA:20,2
DA:30,2
DA:37,0
DA:41,2
DA:46,7
DA:47,7
DA:48,1
DA:49,1
DA:51,6
DA:62,2
DA:63,3
DA:65,3
DA:72,3
DA:76,2
DA:77,2
DA:78,2
DA:82,2
DA:83,1
DA:84,1
DA:87,1
DA:88,1
DA:90,0
DA:95,2
DA:96,0
DA:97,0
DA:100,0
DA:101,0
DA:105,0
DA:106,0
DA:107,0
DA:109,0
DA:115,0
DA:117,0
DA:118,0
DA:119,0
DA:121,0
DA:122,0
DA:129,0
DA:132,0
DA:136,2
DA:137,2
DA:138,2
DA:139,2
DA:141,0
DA:142,0
DA:146,2
LF:58
LH:38
BRDA:17,0,0,2
BRDA:17,0,1,0
BRDA:47,1,0,1
BRDA:47,2,0,7
BRDA:47,2,1,6
BRDA:87,3,0,1
BRDA:87,3,1,0
BRDA:100,4,0,0
BRDA:106,5,0,0
BRDA:106,5,1,0
BRDA:115,6,0,0
BRDA:115,6,1,0
BRDA:125,7,0,0
BRDA:125,7,1,0
BRF:14
BRH:5
end_of_record
